\BOOKMARK [0][-]{chapter.1}{\376\377\0001\000\040\000C\000o\000n\000t\000e\000n\000t\000s}{}% 1
\BOOKMARK [0][-]{chapter.2}{\376\377\0002\000\040\000A\000V\000T\000P\000\040\000I\000n\000t\000e\000r\000f\000a\000c\000e\000\040\000M\000o\000d\000u\000l\000e\000\040\000D\000e\000v\000e\000l\000o\000p\000m\000e\000n\000t}{}% 2
\BOOKMARK [1][-]{section.2.1}{\376\377\0002\000.\0001\000\040\000I\000n\000t\000r\000o\000d\000u\000c\000t\000i\000o\000n\000\040}{chapter.2}% 3
\BOOKMARK [1][-]{section.2.2}{\376\377\0002\000.\0002\000\040\000T\000h\000e\000\040\000P\000l\000u\000g\000-\000i\000n\000\040\000A\000r\000c\000h\000i\000t\000e\000c\000t\000u\000r\000e\000\040}{chapter.2}% 4
\BOOKMARK [1][-]{section.2.3}{\376\377\0002\000.\0003\000\040\000T\000a\000s\000k\000\040\000/\000\040\000T\000h\000r\000e\000a\000d\000\040\000M\000o\000d\000e\000l\000\040}{chapter.2}% 5
\BOOKMARK [1][-]{section.2.4}{\376\377\0002\000.\0004\000\040\000B\000u\000i\000l\000d\000i\000n\000g\000\040\000a\000n\000\040\000I\000n\000t\000e\000r\000f\000a\000c\000e\000\040\000M\000o\000d\000u\000l\000e\000\040}{chapter.2}% 6
\BOOKMARK [1][-]{section.2.5}{\376\377\0002\000.\0005\000\040\000I\000n\000t\000e\000r\000f\000a\000c\000e\000\040\000M\000o\000d\000u\000l\000e\000\040\000i\000n\000\040\000a\000\040\000T\000a\000l\000k\000e\000r\000\040}{chapter.2}% 7
\BOOKMARK [1][-]{section.2.6}{\376\377\0002\000.\0006\000\040\000I\000n\000t\000e\000r\000f\000a\000c\000e\000\040\000M\000o\000d\000u\000l\000e\000\040\000i\000n\000\040\000a\000\040\000L\000i\000s\000t\000e\000n\000e\000r\000\040}{chapter.2}% 8
\BOOKMARK [1][-]{section.2.7}{\376\377\0002\000.\0007\000\040\000W\000o\000r\000k\000i\000n\000g\000\040\000W\000i\000t\000h\000\040\000t\000h\000e\000\040\000M\000e\000d\000i\000a\000\040\000Q\000u\000e\000u\000e\000\040}{chapter.2}% 9
\BOOKMARK [1][-]{section.2.8}{\376\377\0002\000.\0008\000\040\000T\000i\000m\000e\000s\000t\000a\000m\000p\000s\000\040}{chapter.2}% 10
\BOOKMARK [0][-]{chapter.3}{\376\377\0003\000\040\000A\000V\000T\000P\000\040\000S\000t\000r\000e\000a\000m\000\040\000\050\000T\000a\000l\000k\000e\000r\000/\000L\000i\000s\000t\000e\000n\000e\000r\000\051\000\040\000C\000o\000n\000f\000i\000g\000u\000r\000a\000t\000i\000o\000n}{}% 11
\BOOKMARK [1][-]{section.3.1}{\376\377\0003\000.\0001\000\040\000O\000v\000e\000r\000v\000i\000e\000w\000\040}{chapter.3}% 12
\BOOKMARK [1][-]{section.3.2}{\376\377\0003\000.\0002\000\040\000C\000o\000m\000m\000o\000n\000\040\000S\000t\000r\000e\000a\000m\000\040\000C\000o\000n\000f\000i\000g\000u\000r\000a\000t\000i\000o\000n\000\040}{chapter.3}% 13
\BOOKMARK [1][-]{section.3.3}{\376\377\0003\000.\0003\000\040\000E\000x\000a\000m\000p\000l\000e\000\040\000I\000n\000t\000e\000r\000f\000a\000c\000e\000\040\000/\000\040\000M\000a\000p\000p\000i\000n\000g\000\040\000C\000o\000m\000b\000i\000n\000a\000t\000i\000o\000n\000s\000\040}{chapter.3}% 14
\BOOKMARK [1][-]{section.3.4}{\376\377\0003\000.\0004\000\040\000I\000n\000t\000e\000r\000f\000a\000c\000e\000\040\000a\000n\000d\000\040\000M\000a\000p\000p\000i\000n\000g\000\040\000M\000o\000d\000u\000l\000e\000\040\000C\000o\000n\000f\000i\000g\000u\000r\000a\000t\000i\000o\000n\000\040}{chapter.3}% 15
\BOOKMARK [0][-]{chapter.4}{\376\377\0004\000\040\000E\000A\000V\000B\000\040\000I\000n\000t\000e\000g\000r\000a\000t\000i\000o\000n\000\040\000G\000u\000i\000d\000e}{}% 16
\BOOKMARK [1][-]{section.4.1}{\376\377\0004\000.\0001\000\040\000I\000n\000t\000r\000o\000d\000u\000c\000t\000i\000o\000n\000\040}{chapter.4}% 17
\BOOKMARK [1][-]{section.4.2}{\376\377\0004\000.\0002\000\040\000A\000V\000T\000P\000\040\000C\000o\000n\000t\000r\000o\000l\000\040}{chapter.4}% 18
\BOOKMARK [1][-]{section.4.3}{\376\377\0004\000.\0003\000\040\000H\000o\000s\000t\000\040\000A\000p\000p\000l\000i\000c\000a\000t\000i\000o\000n\000\040\000I\000n\000t\000e\000g\000r\000a\000t\000i\000o\000n\000\040}{chapter.4}% 19
\BOOKMARK [0][-]{chapter.5}{\376\377\0005\000\040\000D\000e\000v\000e\000l\000o\000p\000e\000r\000\040\000N\000o\000t\000e\000s}{}% 20
\BOOKMARK [0][-]{chapter.6}{\376\377\0006\000\040\000M\000e\000d\000i\000a\000\040\000Q\000u\000e\000u\000e\000\040\000U\000s\000a\000g\000e}{}% 21
\BOOKMARK [1][-]{section.6.1}{\376\377\0006\000.\0001\000\040\000S\000t\000a\000r\000t\000i\000n\000g\000\040}{chapter.6}% 22
\BOOKMARK [1][-]{section.6.2}{\376\377\0006\000.\0002\000\040\000T\000a\000l\000k\000e\000r\000\040\000s\000p\000e\000c\000i\000f\000i\000c\000\040\000f\000l\000o\000w\000\040}{chapter.6}% 23
\BOOKMARK [1][-]{section.6.3}{\376\377\0006\000.\0003\000\040\000L\000i\000s\000t\000e\000n\000e\000r\000\040\000s\000p\000e\000c\000i\000f\000i\000c\000\040\000f\000l\000o\000w\000\040}{chapter.6}% 24
\BOOKMARK [1][-]{section.6.4}{\376\377\0006\000.\0004\000\040\000S\000t\000o\000p\000p\000i\000n\000g\000\040}{chapter.6}% 25
\BOOKMARK [1][-]{section.6.5}{\376\377\0006\000.\0005\000\040\000G\000u\000i\000d\000e\000l\000i\000n\000e\000s\000\040}{chapter.6}% 26
\BOOKMARK [0][-]{chapter.7}{\376\377\0007\000\040\000E\000A\000V\000B\000\040\000S\000D\000K\000\040\000O\000v\000e\000r\000v\000i\000e\000w}{}% 27
\BOOKMARK [1][-]{section.7.1}{\376\377\0007\000.\0001\000\040\000I\000n\000t\000r\000o\000d\000u\000c\000t\000i\000o\000n\000\040}{chapter.7}% 28
\BOOKMARK [1][-]{section.7.2}{\376\377\0007\000.\0002\000\040\000G\000l\000o\000s\000s\000a\000r\000y\000\040}{chapter.7}% 29
\BOOKMARK [1][-]{section.7.3}{\376\377\0007\000.\0003\000\040\000A\000r\000c\000h\000i\000t\000e\000c\000t\000u\000r\000e\000\040}{chapter.7}% 30
\BOOKMARK [1][-]{section.7.4}{\376\377\0007\000.\0004\000\040\000I\000n\000t\000e\000g\000r\000a\000t\000i\000o\000n\000,\000\040\000E\000x\000t\000e\000n\000s\000i\000o\000n\000\040\000a\000n\000d\000\040\000C\000o\000n\000f\000i\000g\000u\000r\000a\000t\000i\000o\000n\000\040}{chapter.7}% 31
\BOOKMARK [1][-]{section.7.5}{\376\377\0007\000.\0005\000\040\000P\000l\000a\000t\000f\000o\000r\000m\000\040\000S\000p\000e\000c\000i\000f\000i\000c\000\040\000C\000o\000n\000s\000i\000d\000e\000r\000a\000t\000i\000o\000n\000s\000\040}{chapter.7}% 32
